info it worked if it ends with ok
verbose cli [ '/usr/bin/nodejs', '/usr/bin/npm', 'install', 'get-pixels' ]
info using npm@1.1.4
info using node@v0.6.19
verbose config file /root/.npmrc
verbose config file /usr/etc/npmrc
verbose config file /usr/share/npm/npmrc
verbose caching /home/pi/NodeJS/homeServer/package.json
verbose loadDefaults homeServer@1.0.0
verbose caching /home/pi/NodeJS/homeServer/node_modules/save-pixels/package.json
verbose loadDefaults save-pixels@2.2.0
verbose caching /home/pi/NodeJS/homeServer/node_modules/get-pixels/package.json
verbose loadDefaults get-pixels@3.2.3
verbose caching /home/pi/NodeJS/homeServer/node_modules/formidable/package.json
verbose loadDefaults formidable@1.0.17
verbose from cache /home/pi/NodeJS/homeServer/package.json
verbose readDependencies: using package.json deps
verbose cache add [ 'get-pixels@^3.2.3', null ]
silly cache add: name, spec, args [ undefined, 'get-pixels@^3.2.3', [ 'get-pixels@^3.2.3', null ] ]
verbose parsed url { pathname: 'get-pixels@^3.2.3',
verbose parsed url   path: 'get-pixels@^3.2.3',
verbose parsed url   href: 'get-pixels@^3.2.3' }
silly cache add: name, spec, args [ 'get-pixels', '^3.2.3', [ 'get-pixels', '^3.2.3' ] ]
verbose parsed url { pathname: '^3.2.3', path: '^3.2.3', href: '^3.2.3' }
verbose addNamed [ 'get-pixels', '^3.2.3' ]
verbose addNamed [ null, null ]
info addNameTag [ 'get-pixels', '^3.2.3' ]
verbose raw, before any munging get-pixels
verbose url resolving [ 'https://registry.npmjs.org/', './get-pixels' ]
verbose url resolved https://registry.npmjs.org/get-pixels
http GET https://registry.npmjs.org/get-pixels
ERR! Error: failed to fetch from registry: get-pixels
ERR!     at /usr/share/npm/lib/utils/npm-registry-client/get.js:139:12
ERR!     at cb (/usr/share/npm/lib/utils/npm-registry-client/request.js:31:9)
ERR!     at Request._callback (/usr/share/npm/lib/utils/npm-registry-client/request.js:136:18)
ERR!     at Request.callback (/usr/lib/nodejs/request/main.js:119:22)
ERR!     at Request.<anonymous> (/usr/lib/nodejs/request/main.js:212:58)
ERR!     at Request.emit (events.js:88:20)
ERR!     at ClientRequest.<anonymous> (/usr/lib/nodejs/request/main.js:412:12)
ERR!     at ClientRequest.g (events.js:156:14)
ERR!     at ClientRequest.emit (events.js:67:17)
ERR!     at HTTPParser.parserOnIncomingClient [as onIncoming] (http.js:1256:7)
ERR! You may report this log at:
ERR!     <http://bugs.debian.org/npm>
ERR! or use
ERR!     reportbug --attach /home/pi/NodeJS/homeServer/npm-debug.log npm
ERR! 
ERR! System Linux 3.18.7-v7+
ERR! command "/usr/bin/nodejs" "/usr/bin/npm" "install" "get-pixels"
ERR! cwd /home/pi/NodeJS/homeServer
ERR! node -v v0.6.19
ERR! npm -v 1.1.4
ERR! message failed to fetch from registry: get-pixels
verbose exit [ 1, true ]
